0 info it worked if it ends with ok
1 verbose cli [ '/usr/local/bin/node',
1 verbose cli   '/usr/local/bin/npm',
1 verbose cli   'install',
1 verbose cli   'httpsync' ]
2 info using npm@3.6.0
3 info using node@v5.7.1
4 silly loadCurrentTree Starting
5 silly install loadCurrentTree
6 silly install readLocalPackageData
7 silly fetchPackageMetaData httpsync
8 silly fetchNamedPackageData httpsync
9 silly mapToRegistry name httpsync
10 silly mapToRegistry using default registry
11 silly mapToRegistry registry http://registry.cnpmjs.org/
12 silly mapToRegistry uri http://registry.cnpmjs.org/httpsync
13 verbose request uri http://registry.cnpmjs.org/httpsync
14 verbose request no auth needed
15 info attempt registry request try #1 at 18:31:06
16 verbose request id 14767b4a2c3cc239
17 http request GET http://registry.cnpmjs.org/httpsync
18 http 200 http://registry.cnpmjs.org/httpsync
19 verbose headers { server: 'nginx/1.4.6 (Ubuntu)',
19 verbose headers   date: 'Wed, 23 Mar 2016 10:31:14 GMT',
19 verbose headers   'content-type': 'application/json; charset=utf-8',
19 verbose headers   'transfer-encoding': 'chunked',
19 verbose headers   connection: 'keep-alive',
19 verbose headers   'x-readtime': '12',
19 verbose headers   'content-encoding': 'gzip' }
20 silly get cb [ 200,
20 silly get   { server: 'nginx/1.4.6 (Ubuntu)',
20 silly get     date: 'Wed, 23 Mar 2016 10:31:14 GMT',
20 silly get     'content-type': 'application/json; charset=utf-8',
20 silly get     'transfer-encoding': 'chunked',
20 silly get     connection: 'keep-alive',
20 silly get     'x-readtime': '12',
20 silly get     'content-encoding': 'gzip' } ]
21 verbose get saving httpsync to /root/.npm/registry.cnpmjs.org/httpsync/.cache.json
22 verbose correctMkdir /root/.npm correctMkdir not in flight; initializing
23 silly install normalizeTree
24 silly loadCurrentTree Finishing
25 silly loadIdealTree Starting
26 silly install loadIdealTree
27 silly cloneCurrentTree Starting
28 silly install cloneCurrentTreeToIdealTree
29 silly cloneCurrentTree Finishing
30 silly loadShrinkwrap Starting
31 silly install loadShrinkwrap
32 silly loadShrinkwrap Finishing
33 silly loadAllDepsIntoIdealTree Starting
34 silly install loadAllDepsIntoIdealTree
35 silly resolveWithNewModule httpsync@0.0.8 checking installable status
36 silly cache add args [ 'httpsync', null ]
37 verbose cache add spec httpsync
38 silly cache add parsed spec Result {
38 silly cache add   raw: 'httpsync',
38 silly cache add   scope: null,
38 silly cache add   name: 'httpsync',
38 silly cache add   rawSpec: '',
38 silly cache add   spec: 'latest',
38 silly cache add   type: 'tag' }
39 silly addNamed httpsync@latest
40 verbose addNamed "latest" is being treated as a dist-tag for httpsync
41 info addNameTag [ 'httpsync', 'latest' ]
42 silly mapToRegistry name httpsync
43 silly mapToRegistry using default registry
44 silly mapToRegistry registry http://registry.cnpmjs.org/
45 silly mapToRegistry uri http://registry.cnpmjs.org/httpsync
46 verbose addNameTag registry:http://registry.cnpmjs.org/httpsync not in flight; fetching
47 verbose get http://registry.cnpmjs.org/httpsync not expired, no request
48 silly addNameTag next cb for httpsync with tag latest
49 silly addNamed httpsync@0.0.8
50 verbose addNamed "0.0.8" is a plain semver version for httpsync
51 warn deprecated httpsync@0.0.8: This module no longer work, please use urllib-sync instead.
52 silly mapToRegistry name httpsync
53 silly mapToRegistry using default registry
54 silly mapToRegistry registry http://registry.cnpmjs.org/
55 silly mapToRegistry uri http://registry.cnpmjs.org/httpsync
56 verbose addRemoteTarball http://registry.cnpmjs.org/httpsync/download/httpsync-0.0.8.tgz not in flight; adding
57 verbose addRemoteTarball [ 'http://registry.cnpmjs.org/httpsync/download/httpsync-0.0.8.tgz',
57 verbose addRemoteTarball   '2dbca214c17fa4f1adc95e102ef62acc0f98de6d' ]
58 info retry fetch attempt 1 at 18:31:08
59 info attempt registry request try #1 at 18:31:08
60 http fetch GET http://registry.cnpmjs.org/httpsync/download/httpsync-0.0.8.tgz
61 http fetch 200 http://registry.cnpmjs.org/httpsync/download/httpsync-0.0.8.tgz
62 silly fetchAndShaCheck shasum 2dbca214c17fa4f1adc95e102ef62acc0f98de6d
63 verbose addTmpTarball /tmp/npm-24826-1aa05ead/registry.cnpmjs.org/httpsync/download/httpsync-0.0.8.tgz not in flight; adding
64 verbose addTmpTarball already have metadata; skipping unpack for httpsync@0.0.8
65 verbose correctMkdir /root/.npm correctMkdir not in flight; initializing
66 silly cache afterAdd httpsync@0.0.8
67 verbose afterAdd /root/.npm/httpsync/0.0.8/package/package.json not in flight; writing
68 verbose correctMkdir /root/.npm correctMkdir not in flight; initializing
69 verbose afterAdd /root/.npm/httpsync/0.0.8/package/package.json written
70 silly loadAllDepsIntoIdealTree Finishing
71 silly idealTree:prePrune wenshang
71 silly idealTree:prePrune +-- accepts@1.2.13
71 silly idealTree:prePrune +-- array-flatten@1.1.1
71 silly idealTree:prePrune +-- content-disposition@0.5.1
71 silly idealTree:prePrune +-- content-type@1.0.1
71 silly idealTree:prePrune +-- cookie-signature@1.0.6
71 silly idealTree:prePrune +-- cookie@0.1.5
71 silly idealTree:prePrune +-- debug@2.2.0
71 silly idealTree:prePrune +-- depd@1.1.0
71 silly idealTree:prePrune +-- destroy@1.0.4
71 silly idealTree:prePrune +-- ee-first@1.1.1
71 silly idealTree:prePrune +-- escape-html@1.0.3
71 silly idealTree:prePrune +-- etag@1.7.0
71 silly idealTree:prePrune +-- express@4.13.4
71 silly idealTree:prePrune +-- finalhandler@0.4.1
71 silly idealTree:prePrune +-- forwarded@0.1.0
71 silly idealTree:prePrune +-- fresh@0.3.0
71 silly idealTree:prePrune +-- fs-xattr@0.1.11
71 silly idealTree:prePrune +-- http-errors@1.3.1
71 silly idealTree:prePrune +-- httpsync@0.0.8
71 silly idealTree:prePrune +-- inherits@2.0.1
71 silly idealTree:prePrune +-- ipaddr.js@1.0.5
71 silly idealTree:prePrune +-- media-typer@0.3.0
71 silly idealTree:prePrune +-- merge-descriptors@1.0.1
71 silly idealTree:prePrune +-- methods@1.1.2
71 silly idealTree:prePrune +-- mime-db@1.22.0
71 silly idealTree:prePrune +-- mime-types@2.1.10
71 silly idealTree:prePrune +-- mime@1.3.4
71 silly idealTree:prePrune +-- ms@0.7.1
71 silly idealTree:prePrune +-- nan@2.2.0
71 silly idealTree:prePrune +-- negotiator@0.5.3
71 silly idealTree:prePrune +-- node-uuid@1.4.7
71 silly idealTree:prePrune +-- on-finished@2.3.0
71 silly idealTree:prePrune +-- parseurl@1.3.1
71 silly idealTree:prePrune +-- path-to-regexp@0.1.7
71 silly idealTree:prePrune +-- proxy-addr@1.0.10
71 silly idealTree:prePrune +-- qs@4.0.0
71 silly idealTree:prePrune +-- range-parser@1.0.3
71 silly idealTree:prePrune +-- send@0.13.1
71 silly idealTree:prePrune +-- serve-static@1.10.2
71 silly idealTree:prePrune +-- statuses@1.2.1
71 silly idealTree:prePrune +-- type-is@1.6.12
71 silly idealTree:prePrune +-- unpipe@1.0.0
71 silly idealTree:prePrune +-- utils-merge@1.0.0
71 silly idealTree:prePrune `-- vary@1.0.1
72 silly loadIdealTree Finishing
73 silly currentTree wenshang
73 silly currentTree +-- accepts@1.2.13
73 silly currentTree +-- array-flatten@1.1.1
73 silly currentTree +-- content-disposition@0.5.1
73 silly currentTree +-- content-type@1.0.1
73 silly currentTree +-- cookie-signature@1.0.6
73 silly currentTree +-- cookie@0.1.5
73 silly currentTree +-- debug@2.2.0
73 silly currentTree +-- depd@1.1.0
73 silly currentTree +-- destroy@1.0.4
73 silly currentTree +-- ee-first@1.1.1
73 silly currentTree +-- escape-html@1.0.3
73 silly currentTree +-- etag@1.7.0
73 silly currentTree +-- express@4.13.4
73 silly currentTree +-- finalhandler@0.4.1
73 silly currentTree +-- forwarded@0.1.0
73 silly currentTree +-- fresh@0.3.0
73 silly currentTree +-- fs-xattr@0.1.11
73 silly currentTree +-- http-errors@1.3.1
73 silly currentTree +-- inherits@2.0.1
73 silly currentTree +-- ipaddr.js@1.0.5
73 silly currentTree +-- media-typer@0.3.0
73 silly currentTree +-- merge-descriptors@1.0.1
73 silly currentTree +-- methods@1.1.2
73 silly currentTree +-- mime-db@1.22.0
73 silly currentTree +-- mime-types@2.1.10
73 silly currentTree +-- mime@1.3.4
73 silly currentTree +-- ms@0.7.1
73 silly currentTree +-- nan@2.2.0
73 silly currentTree +-- negotiator@0.5.3
73 silly currentTree +-- node-uuid@1.4.7
73 silly currentTree +-- on-finished@2.3.0
73 silly currentTree +-- parseurl@1.3.1
73 silly currentTree +-- path-to-regexp@0.1.7
73 silly currentTree +-- proxy-addr@1.0.10
73 silly currentTree +-- qs@4.0.0
73 silly currentTree +-- range-parser@1.0.3
73 silly currentTree +-- send@0.13.1
73 silly currentTree +-- serve-static@1.10.2
73 silly currentTree +-- statuses@1.2.1
73 silly currentTree +-- type-is@1.6.12
73 silly currentTree +-- unpipe@1.0.0
73 silly currentTree +-- utils-merge@1.0.0
73 silly currentTree `-- vary@1.0.1
74 silly idealTree wenshang
74 silly idealTree +-- accepts@1.2.13
74 silly idealTree +-- array-flatten@1.1.1
74 silly idealTree +-- content-disposition@0.5.1
74 silly idealTree +-- content-type@1.0.1
74 silly idealTree +-- cookie-signature@1.0.6
74 silly idealTree +-- cookie@0.1.5
74 silly idealTree +-- debug@2.2.0
74 silly idealTree +-- depd@1.1.0
74 silly idealTree +-- destroy@1.0.4
74 silly idealTree +-- ee-first@1.1.1
74 silly idealTree +-- escape-html@1.0.3
74 silly idealTree +-- etag@1.7.0
74 silly idealTree +-- express@4.13.4
74 silly idealTree +-- finalhandler@0.4.1
74 silly idealTree +-- forwarded@0.1.0
74 silly idealTree +-- fresh@0.3.0
74 silly idealTree +-- fs-xattr@0.1.11
74 silly idealTree +-- http-errors@1.3.1
74 silly idealTree +-- httpsync@0.0.8
74 silly idealTree +-- inherits@2.0.1
74 silly idealTree +-- ipaddr.js@1.0.5
74 silly idealTree +-- media-typer@0.3.0
74 silly idealTree +-- merge-descriptors@1.0.1
74 silly idealTree +-- methods@1.1.2
74 silly idealTree +-- mime-db@1.22.0
74 silly idealTree +-- mime-types@2.1.10
74 silly idealTree +-- mime@1.3.4
74 silly idealTree +-- ms@0.7.1
74 silly idealTree +-- nan@2.2.0
74 silly idealTree +-- negotiator@0.5.3
74 silly idealTree +-- node-uuid@1.4.7
74 silly idealTree +-- on-finished@2.3.0
74 silly idealTree +-- parseurl@1.3.1
74 silly idealTree +-- path-to-regexp@0.1.7
74 silly idealTree +-- proxy-addr@1.0.10
74 silly idealTree +-- qs@4.0.0
74 silly idealTree +-- range-parser@1.0.3
74 silly idealTree +-- send@0.13.1
74 silly idealTree +-- serve-static@1.10.2
74 silly idealTree +-- statuses@1.2.1
74 silly idealTree +-- type-is@1.6.12
74 silly idealTree +-- unpipe@1.0.0
74 silly idealTree +-- utils-merge@1.0.0
74 silly idealTree `-- vary@1.0.1
75 silly generateActionsToTake Starting
76 silly install generateActionsToTake
77 silly generateActionsToTake Finishing
78 silly diffTrees action count 4
79 silly diffTrees update express@4.13.4
80 silly diffTrees update fs-xattr@0.1.11
81 silly diffTrees add httpsync@0.0.8
82 silly diffTrees update node-uuid@1.4.7
83 silly decomposeActions action count 32
84 silly decomposeActions fetch express@4.13.4
85 silly decomposeActions extract express@4.13.4
86 silly decomposeActions test express@4.13.4
87 silly decomposeActions preinstall express@4.13.4
88 silly decomposeActions build express@4.13.4
89 silly decomposeActions install express@4.13.4
90 silly decomposeActions postinstall express@4.13.4
91 silly decomposeActions finalize express@4.13.4
92 silly decomposeActions fetch fs-xattr@0.1.11
93 silly decomposeActions extract fs-xattr@0.1.11
94 silly decomposeActions test fs-xattr@0.1.11
95 silly decomposeActions preinstall fs-xattr@0.1.11
96 silly decomposeActions build fs-xattr@0.1.11
97 silly decomposeActions install fs-xattr@0.1.11
98 silly decomposeActions postinstall fs-xattr@0.1.11
99 silly decomposeActions finalize fs-xattr@0.1.11
100 silly decomposeActions fetch httpsync@0.0.8
101 silly decomposeActions extract httpsync@0.0.8
102 silly decomposeActions test httpsync@0.0.8
103 silly decomposeActions preinstall httpsync@0.0.8
104 silly decomposeActions build httpsync@0.0.8
105 silly decomposeActions install httpsync@0.0.8
106 silly decomposeActions postinstall httpsync@0.0.8
107 silly decomposeActions finalize httpsync@0.0.8
108 silly decomposeActions fetch node-uuid@1.4.7
109 silly decomposeActions extract node-uuid@1.4.7
110 silly decomposeActions test node-uuid@1.4.7
111 silly decomposeActions preinstall node-uuid@1.4.7
112 silly decomposeActions build node-uuid@1.4.7
113 silly decomposeActions install node-uuid@1.4.7
114 silly decomposeActions postinstall node-uuid@1.4.7
115 silly decomposeActions finalize node-uuid@1.4.7
116 silly executeActions Starting
117 silly install executeActions
118 silly doSerial global-install 0
119 silly doParallel fetch 4
120 verbose correctMkdir /root/.npm/_locks correctMkdir not in flight; initializing
121 verbose lock using /root/.npm/_locks/staging-50834274be3df83e.lock for /home/wenshang/node_modules/.staging
122 silly doParallel extract 4
123 silly extract express@4.13.4
124 silly extract fs-xattr@0.1.11
125 silly extract httpsync@0.0.8
126 silly extract node-uuid@1.4.7
127 silly addNamed node-uuid@1.4.7
128 verbose addNamed "1.4.7" is a plain semver version for node-uuid
129 silly mapToRegistry name node-uuid
130 silly mapToRegistry using default registry
131 silly mapToRegistry registry http://registry.cnpmjs.org/
132 silly mapToRegistry uri http://registry.cnpmjs.org/node-uuid
133 verbose addNameVersion registry:http://registry.cnpmjs.org/node-uuid not in flight; fetching
134 verbose request uri http://registry.cnpmjs.org/node-uuid
135 verbose request no auth needed
136 info attempt registry request try #1 at 18:31:09
137 http request GET http://registry.cnpmjs.org/node-uuid
138 verbose unbuild node_modules/.staging/httpsync-f216a7fe
139 silly addNamed express@4.13.4
140 verbose addNamed "4.13.4" is a plain semver version for express
141 silly mapToRegistry name express
142 silly mapToRegistry using default registry
143 silly mapToRegistry registry http://registry.cnpmjs.org/
144 silly mapToRegistry uri http://registry.cnpmjs.org/express
145 verbose addNameVersion registry:http://registry.cnpmjs.org/express not in flight; fetching
146 silly gentlyRm /home/wenshang/node_modules/.staging/httpsync-f216a7fe is being purged from base /home/wenshang
147 verbose gentlyRm don't care about contents; nuking /home/wenshang/node_modules/.staging/httpsync-f216a7fe
148 verbose tar unpack /root/.npm/httpsync/0.0.8/package.tgz
149 verbose tar unpacking to /home/wenshang/node_modules/.staging/httpsync-f216a7fe
150 silly gentlyRm /home/wenshang/node_modules/.staging/httpsync-f216a7fe is being purged
151 verbose gentlyRm don't care about contents; nuking /home/wenshang/node_modules/.staging/httpsync-f216a7fe
152 silly gunzTarPerm modes [ '755', '644' ]
153 verbose unbuild node_modules/.staging/fs-xattr-fd2581b0
154 silly gunzTarPerm extractEntry package.json
155 silly gentlyRm /home/wenshang/node_modules/.staging/fs-xattr-fd2581b0 is being purged from base /home/wenshang
156 verbose gentlyRm don't care about contents; nuking /home/wenshang/node_modules/.staging/fs-xattr-fd2581b0
157 verbose tar unpack /root/.npm/fs-xattr/0.1.11/package.tgz
158 verbose tar unpacking to /home/wenshang/node_modules/.staging/fs-xattr-fd2581b0
159 silly gentlyRm /home/wenshang/node_modules/.staging/fs-xattr-fd2581b0 is being purged
160 verbose gentlyRm don't care about contents; nuking /home/wenshang/node_modules/.staging/fs-xattr-fd2581b0
161 silly gunzTarPerm modes [ '755', '644' ]
162 silly gunzTarPerm extractEntry .npmignore
163 silly gunzTarPerm extractEntry README.md
164 verbose request uri http://registry.cnpmjs.org/express
165 verbose request no auth needed
166 info attempt registry request try #1 at 18:31:09
167 http request GET http://registry.cnpmjs.org/express
168 http 200 http://registry.cnpmjs.org/node-uuid
169 verbose headers { server: 'nginx/1.4.6 (Ubuntu)',
169 verbose headers   date: 'Wed, 23 Mar 2016 10:31:15 GMT',
169 verbose headers   'content-type': 'application/json; charset=utf-8',
169 verbose headers   'transfer-encoding': 'chunked',
169 verbose headers   connection: 'keep-alive',
169 verbose headers   'x-readtime': '15',
169 verbose headers   'content-encoding': 'gzip' }
170 silly get cb [ 200,
170 silly get   { server: 'nginx/1.4.6 (Ubuntu)',
170 silly get     date: 'Wed, 23 Mar 2016 10:31:15 GMT',
170 silly get     'content-type': 'application/json; charset=utf-8',
170 silly get     'transfer-encoding': 'chunked',
170 silly get     connection: 'keep-alive',
170 silly get     'x-readtime': '15',
170 silly get     'content-encoding': 'gzip' } ]
171 verbose get saving node-uuid to /root/.npm/registry.cnpmjs.org/node-uuid/.cache.json
172 verbose correctMkdir /root/.npm correctMkdir not in flight; initializing
173 silly gunzTarPerm extractEntry index.js
174 silly gunzTarPerm extractEntry Makefile
175 silly gunzTarPerm extractEntry wscript
176 silly gunzTarPerm extractEntry TODO
177 silly mapToRegistry name node-uuid
178 silly mapToRegistry using default registry
179 silly mapToRegistry registry http://registry.cnpmjs.org/
180 silly mapToRegistry uri http://registry.cnpmjs.org/node-uuid
181 verbose addRemoteTarball http://registry.cnpmjs.org/node-uuid/download/node-uuid-1.4.7.tgz not in flight; adding
182 verbose addRemoteTarball [ 'http://registry.cnpmjs.org/node-uuid/download/node-uuid-1.4.7.tgz',
182 verbose addRemoteTarball   '6da5a17668c4b3dd59623bda11cf7fa4c1f60a6f' ]
183 info retry fetch attempt 1 at 18:31:09
184 info attempt registry request try #1 at 18:31:09
185 http fetch GET http://registry.cnpmjs.org/node-uuid/download/node-uuid-1.4.7.tgz
186 silly gunzTarPerm extractEntry package.json
187 silly gunzTarPerm extractEntry binding.gyp
188 silly gunzTarPerm extractEntry .travis.yml
189 silly gunzTarPerm extractEntry .npmignore
190 silly gunzTarPerm extractEntry README.md
191 silly gunzTarPerm extractEntry example/upload_file.js
192 silly gunzTarPerm extractEntry AUTHORS
193 silly gunzTarPerm extractEntry LICENSE
194 silly gunzTarPerm extractEntry index.js
195 silly gunzTarPerm extractEntry link.sh
196 silly gunzTarPerm extractEntry Makefile
197 silly gunzTarPerm extractEntry src/error.cc
198 silly gunzTarPerm extractEntry History.md
199 silly gunzTarPerm extractEntry src/curl.cc
200 silly gunzTarPerm extractEntry src/error.h
201 silly gunzTarPerm extractEntry src/curl.h
202 silly gunzTarPerm extractEntry src/main.cc
203 silly gunzTarPerm extractEntry src/xattr.cc
204 silly gunzTarPerm extractEntry binding.gyp
205 silly gunzTarPerm extractEntry src/request.cc
206 silly gunzTarPerm extractEntry test/curl.js
207 silly gunzTarPerm extractEntry test/xattr.js
208 silly gunzTarPerm extractEntry test/mocha.opts
209 silly gunzTarPerm extractEntry test/support/echo.js
210 silly gunzTarPerm extractEntry build.sh
211 silly gentlyRm /home/wenshang/node_modules/.staging/fs-xattr-fd2581b0/node_modules is being purged
212 verbose gentlyRm don't care about contents; nuking /home/wenshang/node_modules/.staging/fs-xattr-fd2581b0/node_modules
213 silly gentlyRm /home/wenshang/node_modules/.staging/httpsync-f216a7fe/node_modules is being purged
214 verbose gentlyRm don't care about contents; nuking /home/wenshang/node_modules/.staging/httpsync-f216a7fe/node_modules
215 http fetch 200 http://registry.cnpmjs.org/node-uuid/download/node-uuid-1.4.7.tgz
216 silly fetchAndShaCheck shasum 6da5a17668c4b3dd59623bda11cf7fa4c1f60a6f
217 verbose addTmpTarball /tmp/npm-24826-1aa05ead/registry.cnpmjs.org/node-uuid/download/node-uuid-1.4.7.tgz not in flight; adding
218 verbose addTmpTarball already have metadata; skipping unpack for node-uuid@1.4.7
219 verbose correctMkdir /root/.npm correctMkdir not in flight; initializing
220 verbose unbuild node_modules/.staging/node-uuid-f9771f21
221 silly gentlyRm /home/wenshang/node_modules/.staging/node-uuid-f9771f21 is being purged from base /home/wenshang
222 verbose gentlyRm don't care about contents; nuking /home/wenshang/node_modules/.staging/node-uuid-f9771f21
223 verbose tar unpack /root/.npm/node-uuid/1.4.7/package.tgz
224 verbose tar unpacking to /home/wenshang/node_modules/.staging/node-uuid-f9771f21
225 silly gentlyRm /home/wenshang/node_modules/.staging/node-uuid-f9771f21 is being purged
226 verbose gentlyRm don't care about contents; nuking /home/wenshang/node_modules/.staging/node-uuid-f9771f21
227 silly gunzTarPerm modes [ '755', '644' ]
228 silly gunzTarPerm extractEntry package.json
229 silly gunzTarPerm extractEntry .npmignore
230 silly gunzTarPerm extractEntry README.md
231 silly gunzTarPerm extractEntry uuid.js
232 silly gunzTarPerm extractEntry LICENSE.md
233 silly gunzTarPerm extractEntry benchmark/README.md
234 silly gunzTarPerm extractEntry benchmark/benchmark.js
235 silly gunzTarPerm extractEntry benchmark/bench.gnu
236 silly gunzTarPerm extractEntry benchmark/bench.sh
237 silly gunzTarPerm extractEntry benchmark/benchmark-native.c
238 silly gunzTarPerm extractEntry bin/uuid
239 silly gunzTarPerm extractEntry bower.json
240 silly gunzTarPerm extractEntry component.json
241 silly gunzTarPerm extractEntry test/compare_v1.js
242 silly gunzTarPerm extractEntry test/test.js
243 silly gunzTarPerm extractEntry test/test.html
244 silly gentlyRm /home/wenshang/node_modules/.staging/node-uuid-f9771f21/node_modules is being purged
245 verbose gentlyRm don't care about contents; nuking /home/wenshang/node_modules/.staging/node-uuid-f9771f21/node_modules
246 http 200 http://registry.cnpmjs.org/express
247 verbose headers { server: 'nginx/1.4.6 (Ubuntu)',
247 verbose headers   date: 'Wed, 23 Mar 2016 10:31:28 GMT',
247 verbose headers   'content-type': 'application/json; charset=utf-8',
247 verbose headers   'transfer-encoding': 'chunked',
247 verbose headers   connection: 'keep-alive',
247 verbose headers   'x-readtime': '172',
247 verbose headers   'content-encoding': 'gzip' }
248 silly get cb [ 200,
248 silly get   { server: 'nginx/1.4.6 (Ubuntu)',
248 silly get     date: 'Wed, 23 Mar 2016 10:31:28 GMT',
248 silly get     'content-type': 'application/json; charset=utf-8',
248 silly get     'transfer-encoding': 'chunked',
248 silly get     connection: 'keep-alive',
248 silly get     'x-readtime': '172',
248 silly get     'content-encoding': 'gzip' } ]
249 verbose get saving express to /root/.npm/registry.cnpmjs.org/express/.cache.json
250 verbose correctMkdir /root/.npm correctMkdir not in flight; initializing
251 silly mapToRegistry name express
252 silly mapToRegistry using default registry
253 silly mapToRegistry registry http://registry.cnpmjs.org/
254 silly mapToRegistry uri http://registry.cnpmjs.org/express
255 verbose addRemoteTarball http://registry.cnpmjs.org/express/download/express-4.13.4.tgz not in flight; adding
256 verbose addRemoteTarball [ 'http://registry.cnpmjs.org/express/download/express-4.13.4.tgz',
256 verbose addRemoteTarball   '3c0b76f3c77590c8345739061ec0bd3ba067ec24' ]
257 info retry fetch attempt 1 at 18:31:22
258 info attempt registry request try #1 at 18:31:22
259 http fetch GET http://registry.cnpmjs.org/express/download/express-4.13.4.tgz
260 http fetch 200 http://registry.cnpmjs.org/express/download/express-4.13.4.tgz
261 silly fetchAndShaCheck shasum 3c0b76f3c77590c8345739061ec0bd3ba067ec24
262 verbose addTmpTarball /tmp/npm-24826-1aa05ead/registry.cnpmjs.org/express/download/express-4.13.4.tgz not in flight; adding
263 verbose addTmpTarball already have metadata; skipping unpack for express@4.13.4
264 verbose correctMkdir /root/.npm correctMkdir not in flight; initializing
265 verbose unbuild node_modules/.staging/express-3eaca299
266 silly gentlyRm /home/wenshang/node_modules/.staging/express-3eaca299 is being purged from base /home/wenshang
267 verbose gentlyRm don't care about contents; nuking /home/wenshang/node_modules/.staging/express-3eaca299
268 verbose tar unpack /root/.npm/express/4.13.4/package.tgz
269 verbose tar unpacking to /home/wenshang/node_modules/.staging/express-3eaca299
270 silly gentlyRm /home/wenshang/node_modules/.staging/express-3eaca299 is being purged
271 verbose gentlyRm don't care about contents; nuking /home/wenshang/node_modules/.staging/express-3eaca299
272 silly gunzTarPerm modes [ '755', '644' ]
273 silly gunzTarPerm extractEntry package.json
274 silly gunzTarPerm modified mode [ 'package.json', 438, 420 ]
275 silly gunzTarPerm extractEntry LICENSE
276 silly gunzTarPerm modified mode [ 'LICENSE', 438, 420 ]
277 silly gunzTarPerm extractEntry index.js
278 silly gunzTarPerm modified mode [ 'index.js', 438, 420 ]
279 silly gunzTarPerm extractEntry History.md
280 silly gunzTarPerm modified mode [ 'History.md', 438, 420 ]
281 silly gunzTarPerm extractEntry Readme.md
282 silly gunzTarPerm modified mode [ 'Readme.md', 438, 420 ]
283 silly gunzTarPerm extractEntry lib/application.js
284 silly gunzTarPerm modified mode [ 'lib/application.js', 438, 420 ]
285 silly gunzTarPerm extractEntry lib/express.js
286 silly gunzTarPerm modified mode [ 'lib/express.js', 438, 420 ]
287 silly gunzTarPerm extractEntry lib/request.js
288 silly gunzTarPerm modified mode [ 'lib/request.js', 438, 420 ]
289 silly gunzTarPerm extractEntry lib/response.js
290 silly gunzTarPerm modified mode [ 'lib/response.js', 438, 420 ]
291 silly gunzTarPerm extractEntry lib/utils.js
292 silly gunzTarPerm modified mode [ 'lib/utils.js', 438, 420 ]
293 silly gunzTarPerm extractEntry lib/view.js
294 silly gunzTarPerm modified mode [ 'lib/view.js', 438, 420 ]
295 silly gunzTarPerm extractEntry lib/middleware/init.js
296 silly gunzTarPerm modified mode [ 'lib/middleware/init.js', 438, 420 ]
297 silly gunzTarPerm extractEntry lib/middleware/query.js
298 silly gunzTarPerm modified mode [ 'lib/middleware/query.js', 438, 420 ]
299 silly gunzTarPerm extractEntry lib/router/index.js
300 silly gunzTarPerm modified mode [ 'lib/router/index.js', 438, 420 ]
301 silly gunzTarPerm extractEntry lib/router/layer.js
302 silly gunzTarPerm modified mode [ 'lib/router/layer.js', 438, 420 ]
303 silly gunzTarPerm extractEntry lib/router/route.js
304 silly gunzTarPerm modified mode [ 'lib/router/route.js', 438, 420 ]
305 silly gentlyRm /home/wenshang/node_modules/.staging/express-3eaca299/node_modules is being purged
306 verbose gentlyRm don't care about contents; nuking /home/wenshang/node_modules/.staging/express-3eaca299/node_modules
307 silly doParallel preinstall 4
308 silly preinstall express@4.13.4 /home/wenshang/node_modules/.staging/express-3eaca299
309 info lifecycle express@4.13.4~preinstall: express@4.13.4
310 silly preinstall fs-xattr@0.1.11 /home/wenshang/node_modules/.staging/fs-xattr-fd2581b0
311 info lifecycle fs-xattr@0.1.11~preinstall: fs-xattr@0.1.11
312 silly preinstall httpsync@0.0.8 /home/wenshang/node_modules/.staging/httpsync-f216a7fe
313 info lifecycle httpsync@0.0.8~preinstall: httpsync@0.0.8
314 silly preinstall node-uuid@1.4.7 /home/wenshang/node_modules/.staging/node-uuid-f9771f21
315 info lifecycle node-uuid@1.4.7~preinstall: node-uuid@1.4.7
316 silly lifecycle express@4.13.4~preinstall: no script for preinstall, continuing
317 silly lifecycle fs-xattr@0.1.11~preinstall: no script for preinstall, continuing
318 silly lifecycle httpsync@0.0.8~preinstall: no script for preinstall, continuing
319 silly lifecycle node-uuid@1.4.7~preinstall: no script for preinstall, continuing
320 silly doReverseSerial remove 0
321 silly doSerial move 0
322 silly doSerial finalize 4
323 silly finalize /home/wenshang/node_modules/express
324 silly finalize /home/wenshang/node_modules/fs-xattr
325 silly finalize /home/wenshang/node_modules/httpsync
326 silly finalize /home/wenshang/node_modules/node-uuid
327 silly doSerial build 4
328 silly build express@4.13.4
329 info linkStuff express@4.13.4
330 silly linkStuff express@4.13.4 has /home/wenshang/node_modules as its parent node_modules
331 verbose linkBins express@4.13.4
332 verbose linkMans express@4.13.4
333 silly build fs-xattr@0.1.11
334 info linkStuff fs-xattr@0.1.11
335 silly linkStuff fs-xattr@0.1.11 has /home/wenshang/node_modules as its parent node_modules
336 verbose linkBins fs-xattr@0.1.11
337 verbose linkMans fs-xattr@0.1.11
338 silly build httpsync@0.0.8
339 info linkStuff httpsync@0.0.8
340 silly linkStuff httpsync@0.0.8 has /home/wenshang/node_modules as its parent node_modules
341 verbose linkBins httpsync@0.0.8
342 verbose linkMans httpsync@0.0.8
343 silly build node-uuid@1.4.7
344 info linkStuff node-uuid@1.4.7
345 silly linkStuff node-uuid@1.4.7 has /home/wenshang/node_modules as its parent node_modules
346 verbose linkBins node-uuid@1.4.7
347 verbose link bins [ { uuid: './bin/uuid' },
347 verbose link bins   '/home/wenshang/node_modules/.bin',
347 verbose link bins   false ]
348 verbose linkMans node-uuid@1.4.7
349 silly doSerial global-link 0
350 silly doParallel update-linked 0
351 silly doSerial install 4
352 silly install express@4.13.4 /home/wenshang/node_modules/.staging/express-3eaca299
353 info lifecycle express@4.13.4~install: express@4.13.4
354 silly lifecycle express@4.13.4~install: no script for install, continuing
355 silly install fs-xattr@0.1.11 /home/wenshang/node_modules/.staging/fs-xattr-fd2581b0
356 info lifecycle fs-xattr@0.1.11~install: fs-xattr@0.1.11
357 verbose lifecycle fs-xattr@0.1.11~install: unsafe-perm in lifecycle false
358 verbose lifecycle fs-xattr@0.1.11~install: PATH: /usr/local/lib/node_modules/npm/bin/node-gyp-bin:/home/wenshang/node_modules/fs-xattr/node_modules/.bin:/home/wenshang/node_modules/.bin:/usr/local/sbin:/usr/local/bin:/usr/sbin:/usr/bin:/sbin:/bin
359 verbose lifecycle fs-xattr@0.1.11~install: CWD: /home/wenshang/node_modules/fs-xattr
360 silly lifecycle fs-xattr@0.1.11~install: Args: [ '-c', 'node-gyp rebuild' ]
361 silly lifecycle fs-xattr@0.1.11~install: Returned: code: 1  signal: null
362 info lifecycle fs-xattr@0.1.11~install: Failed to exec install script
363 verbose unlock done using /root/.npm/_locks/staging-50834274be3df83e.lock for /home/wenshang/node_modules/.staging
364 silly rollbackFailedOptional Starting
365 silly rollbackFailedOptional Finishing
366 silly runTopLevelLifecycles Starting
367 silly runTopLevelLifecycles Finishing
368 silly install printInstalled
369 warn enoent ENOENT: no such file or directory, open '/home/wenshang/package.json'
370 warn wenshang No description
371 warn wenshang No repository field.
372 warn wenshang No README data
373 warn wenshang No license field.
374 verbose stack Error: fs-xattr@0.1.11 install: `node-gyp rebuild`
374 verbose stack Exit status 1
374 verbose stack     at EventEmitter.<anonymous> (/usr/local/lib/node_modules/npm/lib/utils/lifecycle.js:232:16)
374 verbose stack     at emitTwo (events.js:100:13)
374 verbose stack     at EventEmitter.emit (events.js:185:7)
374 verbose stack     at ChildProcess.<anonymous> (/usr/local/lib/node_modules/npm/lib/utils/spawn.js:24:14)
374 verbose stack     at emitTwo (events.js:100:13)
374 verbose stack     at ChildProcess.emit (events.js:185:7)
374 verbose stack     at maybeClose (internal/child_process.js:827:16)
374 verbose stack     at Process.ChildProcess._handle.onexit (internal/child_process.js:211:5)
375 verbose pkgid fs-xattr@0.1.11
376 verbose cwd /home/wenshang/git/NodeJSReactRedux/Nodejs
377 error Linux 3.16.0-4-amd64
378 error argv "/usr/local/bin/node" "/usr/local/bin/npm" "install" "httpsync"
379 error node v5.7.1
380 error npm  v3.6.0
381 error code ELIFECYCLE
382 error fs-xattr@0.1.11 install: `node-gyp rebuild`
382 error Exit status 1
383 error Failed at the fs-xattr@0.1.11 install script 'node-gyp rebuild'.
383 error Make sure you have the latest version of node.js and npm installed.
383 error If you do, this is most likely a problem with the fs-xattr package,
383 error not with npm itself.
383 error Tell the author that this fails on your system:
383 error     node-gyp rebuild
383 error You can get information on how to open an issue for this project with:
383 error     npm bugs fs-xattr
383 error Or if that isn't available, you can get their info via:
383 error     npm owner ls fs-xattr
383 error There is likely additional logging output above.
384 verbose exit [ 1, true ]
